10-Jan-2019 11:49:36.645 INFO [main] org.apache.catalina.startup.VersionLoggerListener.log Server version:        Apache Tomcat/8.0.35
10-Jan-2019 11:49:36.646 INFO [main] org.apache.catalina.startup.VersionLoggerListener.log Server built:          May 11 2016 21:57:08 UTC
10-Jan-2019 11:49:36.646 INFO [main] org.apache.catalina.startup.VersionLoggerListener.log Server number:         8.0.35.0
10-Jan-2019 11:49:36.646 INFO [main] org.apache.catalina.startup.VersionLoggerListener.log OS Name:               Linux
10-Jan-2019 11:49:36.647 INFO [main] org.apache.catalina.startup.VersionLoggerListener.log OS Version:            4.4.0-138-generic
10-Jan-2019 11:49:36.647 INFO [main] org.apache.catalina.startup.VersionLoggerListener.log Architecture:          amd64
10-Jan-2019 11:49:36.647 INFO [main] org.apache.catalina.startup.VersionLoggerListener.log Java Home:             /usr/lib/jvm/java-7-openjdk-amd64/jre
10-Jan-2019 11:49:36.647 INFO [main] org.apache.catalina.startup.VersionLoggerListener.log JVM Version:           1.7.0_181-b01
10-Jan-2019 11:49:36.647 INFO [main] org.apache.catalina.startup.VersionLoggerListener.log JVM Vendor:            Oracle Corporation
10-Jan-2019 11:49:36.647 INFO [main] org.apache.catalina.startup.VersionLoggerListener.log CATALINA_BASE:         /usr/local/tomcat
10-Jan-2019 11:49:36.647 INFO [main] org.apache.catalina.startup.VersionLoggerListener.log CATALINA_HOME:         /usr/local/tomcat
10-Jan-2019 11:49:36.648 INFO [main] org.apache.catalina.startup.VersionLoggerListener.log Command line argument: -Djava.util.logging.config.file=/usr/local/tomcat/conf/logging.properties
10-Jan-2019 11:49:36.648 INFO [main] org.apache.catalina.startup.VersionLoggerListener.log Command line argument: -Djava.util.logging.manager=org.apache.juli.ClassLoaderLogManager
10-Jan-2019 11:49:36.648 INFO [main] org.apache.catalina.startup.VersionLoggerListener.log Command line argument: -Djdk.tls.ephemeralDHKeySize=2048
10-Jan-2019 11:49:36.648 INFO [main] org.apache.catalina.startup.VersionLoggerListener.log Command line argument: -Duser.timezone=America/New_York
10-Jan-2019 11:49:36.648 INFO [main] org.apache.catalina.startup.VersionLoggerListener.log Command line argument: -Djava.endorsed.dirs=/usr/local/tomcat/endorsed
10-Jan-2019 11:49:36.648 INFO [main] org.apache.catalina.startup.VersionLoggerListener.log Command line argument: -Dcatalina.base=/usr/local/tomcat
10-Jan-2019 11:49:36.648 INFO [main] org.apache.catalina.startup.VersionLoggerListener.log Command line argument: -Dcatalina.home=/usr/local/tomcat
10-Jan-2019 11:49:36.648 INFO [main] org.apache.catalina.startup.VersionLoggerListener.log Command line argument: -Djava.io.tmpdir=/usr/local/tomcat/temp
10-Jan-2019 11:49:36.648 INFO [main] org.apache.catalina.core.AprLifecycleListener.lifecycleEvent Loaded APR based Apache Tomcat Native library 1.2.7 using APR version 1.5.1.
10-Jan-2019 11:49:36.648 INFO [main] org.apache.catalina.core.AprLifecycleListener.lifecycleEvent APR capabilities: IPv6 [true], sendfile [true], accept filters [false], random [true].
10-Jan-2019 11:49:36.652 INFO [main] org.apache.catalina.core.AprLifecycleListener.initializeSSL OpenSSL successfully initialized (OpenSSL 1.0.2h  3 May 2016)
10-Jan-2019 11:49:36.792 INFO [main] org.apache.coyote.AbstractProtocol.init Initializing ProtocolHandler ["http-apr-8080"]
10-Jan-2019 11:49:36.804 INFO [main] org.apache.coyote.AbstractProtocol.init Initializing ProtocolHandler ["ajp-apr-8009"]
10-Jan-2019 11:49:36.806 INFO [main] org.apache.catalina.startup.Catalina.load Initialization processed in 648 ms
10-Jan-2019 11:49:36.834 INFO [main] org.apache.catalina.core.StandardService.startInternal Starting service Catalina
10-Jan-2019 11:49:36.834 INFO [main] org.apache.catalina.core.StandardEngine.startInternal Starting Servlet Engine: Apache Tomcat/8.0.35
10-Jan-2019 11:49:36.848 INFO [localhost-startStop-1] org.apache.catalina.startup.HostConfig.deployDirectory Deploying web application directory /usr/local/tomcat/webapps/rubbos
10-Jan-2019 11:49:37.443 INFO [localhost-startStop-1] org.apache.jasper.servlet.TldScanner.scanJars At least one JAR was scanned for TLDs yet contained no TLDs. Enable debug logging for this logger for a complete list of JARs that were scanned but no TLDs were found in them. Skipping unneeded JARs during scanning can improve startup time and JSP compilation time.
10-Jan-2019 11:49:37.495 INFO [localhost-startStop-1] org.apache.catalina.startup.HostConfig.deployDirectory Deployment of web application directory /usr/local/tomcat/webapps/rubbos has finished in 647 ms
10-Jan-2019 11:49:37.500 INFO [main] org.apache.coyote.AbstractProtocol.start Starting ProtocolHandler ["http-apr-8080"]
10-Jan-2019 11:49:37.512 INFO [main] org.apache.coyote.AbstractProtocol.start Starting ProtocolHandler ["ajp-apr-8009"]
10-Jan-2019 11:49:37.514 INFO [main] org.apache.catalina.startup.Catalina.start Server startup in 707 ms
